\BOOKMARK [1][-]{section.1}{\376\377\000D\000\351\000v\000e\000l\000o\000p\000p\000e\000m\000e\000n\000t\000\040\000d\000'\000u\000n\000e\000\040\000m\000\351\000t\000h\000o\000d\000e\000\040\000d\000e\000\040\000r\000e\000c\000h\000e\000r\000c\000h\000e\000\040\000a\000r\000b\000o\000r\000e\000s\000c\000e\000n\000c\000e\000\040\000p\000o\000u\000r\000\040\000u\000n\000\040\000j\000e\000u\000\040\000\340\000\040\000d\000e\000u\000x\000\040\000j\000o\000u\000e\000u\000r\000s\000:\000\040\000a\000p\000p\000l\000i\000c\000a\000t\000i\000o\000n\000\040\000a\000u\000\040\000j\000e\000u\000\040\0007\000\040\000W\000o\000n\000d\000e\000r\000-\000D\000u\000e\000l}{}% 1
\BOOKMARK [2][-]{subsection.1.1}{\376\377\000S\000u\000j\000e\000t}{section.1}% 2
\BOOKMARK [2][-]{subsection.1.2}{\376\377\000D\000e\000s\000c\000r\000i\000p\000t\000i\000o\000n\000\040\000d\000u\000\040\000t\000r\000a\000v\000a\000i\000l\000\040\000a\000t\000t\000e\000n\000d\000u}{section.1}% 3
\BOOKMARK [2][-]{subsection.1.3}{\376\377\000D\000e\000s\000c\000r\000i\000p\000t\000i\000o\000n\000\040\000d\000u\000\040\000j\000e\000u\000\040\000:\000\040\0007\000\040\000w\000o\000n\000d\000e\000r\000s\000-\000D\000u\000e\000l}{section.1}% 4
\BOOKMARK [3][-]{subsubsection.1.3.1}{\376\377\0007\000\040\000w\000o\000n\000d\000e\000r\000s\000\040\000-\000\040\000D\000u\000e\000l}{subsection.1.3}% 5
\BOOKMARK [3][-]{subsubsection.1.3.2}{\376\377\000R\000\350\000g\000l\000e\000s\000\040\000d\000u\000\040\000j\000e\000u}{subsection.1.3}% 6
\BOOKMARK [1][-]{section.2}{\376\377\000R\000a\000p\000p\000e\000l\000s\000\040\000g\000\351\000n\000\351\000r\000a\000u\000x}{}% 7
\BOOKMARK [2][-]{subsection.2.1}{\376\377\000T\000h\000\351\000o\000r\000i\000e\000\040\000d\000e\000s\000\040\000j\000e\000u\000x}{section.2}% 8
\BOOKMARK [2][-]{subsection.2.2}{\376\377\000C\000a\000t\000\351\000g\000o\000r\000i\000e\000s\000\040\000d\000e\000\040\000j\000e\000u\000x}{section.2}% 9
\BOOKMARK [2][-]{subsection.2.3}{\376\377\000R\000e\000p\000r\000\351\000s\000e\000n\000t\000a\000t\000i\000o\000n\000\040\000d\000'\000u\000n\000\040\000j\000e\000u}{section.2}% 10
\BOOKMARK [3][-]{subsubsection.2.3.1}{\376\377\000f\000o\000r\000m\000e\000\040\000e\000x\000t\000e\000n\000s\000i\000v\000e}{subsection.2.3}% 11
\BOOKMARK [3][-]{subsubsection.2.3.2}{\376\377\000f\000o\000r\000m\000e\000\040\000n\000o\000r\000m\000a\000l\000e}{subsection.2.3}% 12
\BOOKMARK [3][-]{subsubsection.2.3.3}{\376\377\000f\000o\000r\000m\000e\000\040\000c\000a\000r\000a\000c\000t\000\351\000r\000i\000s\000t\000i\000q\000u\000e}{subsection.2.3}% 13
\BOOKMARK [2][-]{subsection.2.4}{\376\377\000R\000e\000c\000h\000e\000r\000c\000h\000e\000\040\000a\000r\000b\000o\000r\000e\000s\000c\000e\000n\000t\000e\000\040\000e\000t\000\040\000i\000n\000t\000e\000l\000l\000i\000g\000e\000n\000c\000e\000\040\000a\000r\000t\000i\000f\000i\000c\000i\000e\000l\000l\000e}{section.2}% 14
\BOOKMARK [2][-]{subsection.2.5}{\376\377\000M\000\351\000t\000h\000o\000d\000e\000\040\000a\000l\000p\000h\000a\000-\000b\000\352\000t\000a}{section.2}% 15
\BOOKMARK [3][-]{subsubsection.2.5.1}{\376\377\000M\000\351\000t\000h\000o\000d\000e\000\040\000m\000i\000n\000-\000m\000a\000x}{subsection.2.5}% 16
\BOOKMARK [3][-]{subsubsection.2.5.2}{\376\377\000A\000m\000\351\000l\000i\000o\000r\000a\000t\000i\000o\000n\000\040\000a\000l\000p\000h\000a\000-\000b\000\352\000t\000a}{subsection.2.5}% 17
\BOOKMARK [3][-]{subsubsection.2.5.3}{\376\377\000C\000o\000u\000p\000u\000r\000e\000\040\000A\000l\000p\000h\000a}{subsection.2.5}% 18
\BOOKMARK [3][-]{subsubsection.2.5.4}{\376\377\000C\000o\000u\000p\000u\000r\000e\000\040\000B\000\352\000t\000a}{subsection.2.5}% 19
\BOOKMARK [1][-]{section.3}{\376\377\000T\000r\000a\000v\000a\000i\000l\000\040\000e\000f\000f\000e\000c\000t\000u\000\351}{}% 20
\BOOKMARK [2][-]{subsection.3.1}{\376\377\000L\000a\000\040\000f\000o\000n\000c\000t\000i\000o\000n\000\040\000d\000'\000\351\000v\000a\000l\000u\000a\000t\000i\000o\000n}{section.3}% 21
\BOOKMARK [2][-]{subsection.3.2}{\376\377\000I\000m\000p\000l\000\351\000m\000e\000n\000t\000a\000t\000i\000o\000n}{section.3}% 22
\BOOKMARK [2][-]{subsection.3.3}{\376\377\000I\000n\000t\000e\000r\000f\000a\000c\000e}{section.3}% 23
\BOOKMARK [2][-]{subsection.3.4}{\376\377\000R\000\351\000s\000u\000l\000t\000a\000t\000\040\000o\000b\000t\000e\000n\000u}{section.3}% 24
\BOOKMARK [1][-]{section.4}{\376\377\000C\000o\000n\000c\000l\000u\000s\000i\000o\000n}{}% 25
\BOOKMARK [2][-]{subsection.4.1}{\376\377\000O\000b\000j\000e\000c\000t\000i\000f\000\050\000s\000\051\000\040\000a\000t\000t\000e\000i\000n\000t\000/\000\040\000n\000o\000n\000\040\000a\000t\000t\000e\000i\000n\000t}{section.4}% 26
\BOOKMARK [2][-]{subsection.4.2}{\376\377\000S\000u\000g\000g\000e\000s\000t\000i\000o\000n\000\040\000d\000'\000a\000m\000\351\000l\000i\000o\000r\000a\000t\000i\000o\000n\000\050\000s\000\051}{section.4}% 27
\BOOKMARK [2][-]{subsection.4.3}{\376\377\000D\000i\000f\000f\000i\000c\000u\000l\000t\000\351\000e\000\050\000s\000\051\000\040\000r\000e\000n\000c\000o\000n\000t\000r\000\351\000e\000\050\000s\000\051}{section.4}% 28
\BOOKMARK [1][-]{section.5}{\376\377\000A\000n\000n\000e\000x\000e}{}% 29
\BOOKMARK [2][-]{subsection.5.1}{\376\377\000C\000o\000d\000e}{section.5}% 30
